Traceback (most recent call last):
  File "/home/ws/ugv_ws/v4ar/install/perception/lib/perception/apriltag_vis_node", line 33, in <module>
    sys.exit(load_entry_point('perception==0.0.0', 'console_scripts', 'apriltag_vis_node')())
  File "/home/ws/ugv_ws/v4ar/install/perception/lib/python3.10/site-packages/marker_detector/apriltag_vis_node.py", line 718, in main
    rclpy.init(args=args)
  File "/opt/ros/humble/local/lib/python3.10/dist-packages/rclpy/__init__.py", line 88, in init
    context.init(args, domain_id=domain_id)
  File "/opt/ros/humble/local/lib/python3.10/dist-packages/rclpy/context.py", line 72, in init
    self.__context = _rclpy.Context(
rclpy._rclpy_pybind11.UnknownROSArgsError: ['-p-p', 'enable_multiscale:=true']
[ros2run]: Process exited with failure 1
Traceback (most recent call last):
  File "/home/ws/ugv_ws/v4ar/install/perception/lib/perception/apriltag_vis_node", line 33, in <module>
    sys.exit(load_entry_point('perception==0.0.0', 'console_scripts', 'apriltag_vis_node')())
  File "/home/ws/ugv_ws/v4ar/install/perception/lib/python3.10/site-packages/marker_detector/apriltag_vis_node.py", line 718, in main
    rclpy.init(args=args)
  File "/opt/ros/humble/local/lib/python3.10/dist-packages/rclpy/__init__.py", line 88, in init
    context.init(args, domain_id=domain_id)
  File "/opt/ros/humble/local/lib/python3.10/dist-packages/rclpy/context.py", line 72, in init
    self.__context = _rclpy.Context(
rclpy._rclpy_pybind11.UnknownROSArgsError: ['-p-p', 'enable_multiscale:=true']
[ros2run]: Process exited with failure 1
[INFO] [1764256236.808707043] [localization_node]: Using localization strategy: KalmanLocalization
[INFO] [1764256236.993270601] [field_visualization_node]: Loaded 10 markers from /home/ws/ugv_ws/v4ar/install/perception/share/perception/config/markers.yaml
[INFO] [1764256237.000397696] [field_visualization_node]: Using programmatically drawn field (scale=0.1 px/mm).
[INFO] [1764256237.001543117] [field_visualization_node]: Field image size: 900x600 px (scale: 0.100 px/mm, 0.100 px/mm)
[INFO] [1764256237.031950102] [field_visualization_node]: FieldVisualization listening to pose: /robot_pose, markers: /detected_markers
qt.qpa.xcb: could not connect to display localhost:22.0
qt.qpa.plugin: Could not load the Qt platform plugin "xcb" in "/usr/local/lib/python3.10/dist-packages/cv2/qt/plugins" even though it was found.
This application failed to start because no Qt platform plugin could be initialized. Reinstalling the application may fix this problem.

Available platform plugins are: xcb.

[ros2run]: Aborted
[INFO] [1764256243.099566090] [localization_node]: Using localization strategy: KalmanLocalization
[INFO] [1764256243.284424815] [field_visualization_node]: Loaded 10 markers from /home/ws/ugv_ws/v4ar/install/perception/share/perception/config/markers.yaml
[INFO] [1764256243.294692897] [field_visualization_node]: Using programmatically drawn field (scale=0.1 px/mm).
[INFO] [1764256243.295740874] [field_visualization_node]: Field image size: 900x600 px (scale: 0.100 px/mm, 0.100 px/mm)
[INFO] [1764256243.335033644] [field_visualization_node]: FieldVisualization listening to pose: /robot_pose, markers: /detected_markers
qt.qpa.xcb: could not connect to display localhost:22.0
qt.qpa.plugin: Could not load the Qt platform plugin "xcb" in "/usr/local/lib/python3.10/dist-packages/cv2/qt/plugins" even though it was found.
This application failed to start because no Qt platform plugin could be initialized. Reinstalling the application may fix this problem.

Available platform plugins are: xcb.

[ros2run]: Aborted
Traceback (most recent call last):
  File "/home/ws/ugv_ws/v4ar/install/perception/lib/perception/apriltag_vis_node", line 33, in <module>
    sys.exit(load_entry_point('perception==0.0.0', 'console_scripts', 'apriltag_vis_node')())
  File "/home/ws/ugv_ws/v4ar/install/perception/lib/python3.10/site-packages/marker_detector/apriltag_vis_node.py", line 718, in main
    rclpy.init(args=args)
  File "/opt/ros/humble/local/lib/python3.10/dist-packages/rclpy/__init__.py", line 88, in init
    context.init(args, domain_id=domain_id)
  File "/opt/ros/humble/local/lib/python3.10/dist-packages/rclpy/context.py", line 72, in init
    self.__context = _rclpy.Context(
rclpy._rclpy_pybind11.UnknownROSArgsError: ['-p-p', 'enable_multiscale:=true']
[ros2run]: Process exited with failure 1
Traceback (most recent call last):
  File "/home/ws/ugv_ws/v4ar/install/perception/lib/perception/apriltag_vis_node", line 33, in <module>
    sys.exit(load_entry_point('perception==0.0.0', 'console_scripts', 'apriltag_vis_node')())
  File "/home/ws/ugv_ws/v4ar/install/perception/lib/python3.10/site-packages/marker_detector/apriltag_vis_node.py", line 718, in main
    rclpy.init(args=args)
  File "/opt/ros/humble/local/lib/python3.10/dist-packages/rclpy/__init__.py", line 88, in init
    context.init(args, domain_id=domain_id)
  File "/opt/ros/humble/local/lib/python3.10/dist-packages/rclpy/context.py", line 72, in init
    self.__context = _rclpy.Context(
rclpy._rclpy_pybind11.UnknownROSArgsError: ['-p-p', 'enable_multiscale:=true']
[ros2run]: Process exited with failure 1
